<?xml version="1.0" encoding="UTF-8"?>
<!-- Generated by org.testng.reporters.JUnitReportReporter -->
<testsuite skipped="0" hostname="DESKTOP-89EB5EA" name="com.absa.qa.test.AddUserTest" tests="2" failures="0" timestamp="21 Jun 2020 06:44:49 GMT" time="29.989" errors="0">
  <testcase name="newAddUser1" time="15.720" classname="com.absa.qa.test.AddUserTest"/>
  <testcase name="newAddUser1" time="14.269" classname="com.absa.qa.test.AddUserTest"/>
</testsuite> <!-- com.absa.qa.test.AddUserTest -->
