<?xml version="1.0" encoding="UTF-8"?>
<!-- Generated by org.testng.reporters.JUnitReportReporter -->
<testsuite skipped="0" hostname="DESKTOP-89EB5EA" name="com.absa.api.test.DogBreedApiTest" tests="4" failures="0" timestamp="21 Jun 2020 06:14:44 GMT" time="5.165" errors="0">
  <testcase name="getRandomImgOrLinkForGolden" time="3.724" classname="com.absa.api.test.DogBreedApiTest"/>
  <testcase name="getSubBreedListFromRetriver" time="0.522" classname="com.absa.api.test.DogBreedApiTest"/>
  <testcase name="verifyRetriverInResponsePayload" time="0.565" classname="com.absa.api.test.DogBreedApiTest"/>
  <testcase name="getListOfAllDogBreed" time="0.354" classname="com.absa.api.test.DogBreedApiTest"/>
</testsuite> <!-- com.absa.api.test.DogBreedApiTest -->
